<?xml version="1.0" encoding="UTF-8"?>
<testng-results skipped="0" failed="0" ignored="0" total="1" passed="1">
  <reporter-output>
  </reporter-output>
  <suite name="Default suite" duration-ms="27091" started-at="2018-07-27T05:15:19Z" finished-at="2018-07-27T05:15:46Z">
    <groups>
    </groups>
    <test name="Default test" duration-ms="27091" started-at="2018-07-27T05:15:19Z" finished-at="2018-07-27T05:15:46Z">
      <class name="com.tests.NewTest7">
        <test-method status="PASS" signature="testLogin()[pri:0, instance:com.tests.NewTest7@523884b2]" name="testLogin" duration-ms="27013" started-at="2018-07-27T05:15:19Z" finished-at="2018-07-27T05:15:46Z">
          <reporter-output>
          </reporter-output>
        </test-method> <!-- testLogin -->
      </class> <!-- com.tests.NewTest7 -->
    </test> <!-- Default test -->
  </suite> <!-- Default suite -->
</testng-results>
